<?xml version="1.0" encoding="UTF-8"?>
<testsuite name="TestesLocalizador" tests="1" skipped="0" failures="0" errors="0" timestamp="2022-03-26T14:41:15" hostname="DESKTOP-8SGBJ9I" time="0.026">
  <properties/>
  <testcase name="testeMediaValores()" classname="TestesLocalizador" time="0.026"/>
  <system-out><![CDATA[Media de valores do ano 2000: R$ 116.66666666666667
]]></system-out>
  <system-err><![CDATA[]]></system-err>
</testsuite>
