<?xml version="1.0" encoding="UTF-8"?>
<testsuite name="TestesCodificador" tests="1" skipped="0" failures="0" errors="0" timestamp="2022-03-27T23:01:41" hostname="DESKTOP-8SGBJ9I" time="0.007">
  <properties/>
  <testcase name="testeCodificacao()" classname="TestesCodificador" time="0.007"/>
  <system-out><![CDATA[]]></system-out>
  <system-err><![CDATA[]]></system-err>
</testsuite>
