<?xml version="1.0" encoding="UTF-8"?>
<testsuite name="Tests" tests="2" skipped="0" failures="0" errors="0" timestamp="2022-03-26T01:53:04" hostname="lapJota" time="0.032">
  <properties/>
  <testcase name="testeDecodificacao()" classname="Tests" time="0.031"/>
  <testcase name="testeCodificacao()" classname="Tests" time="0.001"/>
  <system-out><![CDATA[]]></system-out>
  <system-err><![CDATA[]]></system-err>
</testsuite>
